[0m14:30:09.933567 [debug] [MainThread]: Sending event: {'category': 'dbt', 'action': 'invocation', 'label': 'start', 'context': [<snowplow_tracker.self_describing_json.SelfDescribingJson object at 0x000001BFCA512F50>, <snowplow_tracker.self_describing_json.SelfDescribingJson object at 0x000001BFCA4F0090>, <snowplow_tracker.self_describing_json.SelfDescribingJson object at 0x000001BFCA512190>]}


============================== 14:30:09.934078 | 917f36ea-334a-463d-8bb6-d001b9988894 ==============================
[0m14:30:09.934078 [info ] [MainThread]: Running with dbt=1.9.3
[0m14:30:09.934078 [debug] [MainThread]: running dbt with arguments {'printer_width': '80', 'indirect_selection': 'eager', 'log_cache_events': 'False', 'write_json': 'True', 'partial_parse': 'True', 'cache_selected_only': 'False', 'profiles_dir': 'C:\\Users\\hp\\.dbt', 'fail_fast': 'False', 'version_check': 'True', 'log_path': 'logs', 'warn_error': 'None', 'debug': 'False', 'use_colors': 'True', 'use_experimental_parser': 'False', 'empty': 'None', 'quiet': 'False', 'no_print': 'None', 'warn_error_options': 'WarnErrorOptions(include=[], exclude=[])', 'introspect': 'True', 'static_parser': 'True', 'log_format': 'default', 'target_path': 'None', 'invocation_command': 'dbt init', 'send_anonymous_usage_stats': 'True'}
[0m14:32:03.241591 [debug] [MainThread]: Starter project path: C:\Users\hp\OneDrive\Bureau\projects\end-to-end-ELT-pipline\dbt-bigquery\venv\Lib\site-packages\dbt\include\starter_project
[0m14:32:03.336022 [info ] [MainThread]: 
Your new dbt project "dbt_translations_marts" was created!

For more information on how to configure the profiles.yml file,
please consult the dbt documentation here:

  https://docs.getdbt.com/docs/configure-your-profile

One more thing:

Need help? Don't hesitate to reach out to us via GitHub issues or on Slack:

  https://community.getdbt.com/

Happy modeling!

[0m14:32:03.338020 [info ] [MainThread]: Setting up your profile.
[0m14:35:13.725718 [info ] [MainThread]: Profile dbt_translations_marts written to C:\Users\hp\.dbt\profiles.yml using target's profile_template.yml and your supplied values. Run 'dbt debug' to validate the connection.
[0m14:35:13.729063 [debug] [MainThread]: Command `dbt init` succeeded at 14:35:13.729063 after 303.90 seconds
[0m14:35:13.730642 [debug] [MainThread]: Sending event: {'category': 'dbt', 'action': 'invocation', 'label': 'end', 'context': [<snowplow_tracker.self_describing_json.SelfDescribingJson object at 0x000001BFC3D5C250>, <snowplow_tracker.self_describing_json.SelfDescribingJson object at 0x000001BFC40B8ED0>, <snowplow_tracker.self_describing_json.SelfDescribingJson object at 0x000001BFC3DEA190>]}
[0m14:35:13.730642 [debug] [MainThread]: Flushing usage events
[0m14:35:14.108312 [debug] [MainThread]: An error was encountered while trying to flush usage events
[0m14:42:13.225244 [debug] [MainThread]: Sending event: {'category': 'dbt', 'action': 'invocation', 'label': 'start', 'context': [<snowplow_tracker.self_describing_json.SelfDescribingJson object at 0x000001E80078D290>, <snowplow_tracker.self_describing_json.SelfDescribingJson object at 0x000001E80078CD90>, <snowplow_tracker.self_describing_json.SelfDescribingJson object at 0x000001E80078C290>]}


============================== 14:42:13.225750 | f3f1603d-adf3-4b31-b6d6-c6517bddede4 ==============================
[0m14:42:13.225750 [info ] [MainThread]: Running with dbt=1.9.3
[0m14:42:13.225750 [debug] [MainThread]: running dbt with arguments {'printer_width': '80', 'indirect_selection': 'eager', 'write_json': 'True', 'log_cache_events': 'False', 'partial_parse': 'True', 'cache_selected_only': 'False', 'warn_error': 'None', 'fail_fast': 'False', 'profiles_dir': 'C:\\Users\\hp\\.dbt', 'log_path': 'logs', 'debug': 'False', 'version_check': 'True', 'use_colors': 'True', 'use_experimental_parser': 'False', 'no_print': 'None', 'quiet': 'False', 'empty': 'None', 'warn_error_options': 'WarnErrorOptions(include=[], exclude=[])', 'introspect': 'True', 'invocation_command': 'dbt debug', 'log_format': 'default', 'target_path': 'None', 'static_parser': 'True', 'send_anonymous_usage_stats': 'True'}
[0m14:42:13.237811 [info ] [MainThread]: dbt version: 1.9.3
[0m14:42:13.237811 [info ] [MainThread]: python version: 3.11.3
[0m14:42:13.237811 [info ] [MainThread]: python path: C:\Users\hp\OneDrive\Bureau\projects\end-to-end-ELT-pipline\dbt-bigquery\venv\Scripts\python.exe
[0m14:42:13.237811 [info ] [MainThread]: os info: Windows-10-10.0.22621-SP0
[0m14:42:13.256546 [info ] [MainThread]: Error importing adapter: No module named 'dbt.adapters.clickhouse'
[0m14:42:13.258522 [info ] [MainThread]: Error importing adapter: No module named 'dbt.adapters.clickhouse'
[0m14:42:14.162215 [info ] [MainThread]: Error importing adapter: No module named 'dbt.adapters.postgres'
[0m14:42:14.165176 [info ] [MainThread]: Error importing adapter: No module named 'dbt.adapters.postgres'
[0m14:42:14.166011 [info ] [MainThread]: Using profiles dir at C:\Users\hp\.dbt
[0m14:42:14.167097 [info ] [MainThread]: Using profiles.yml file at C:\Users\hp\.dbt\profiles.yml
[0m14:42:14.167660 [info ] [MainThread]: Using dbt_project.yml file at C:\Users\hp\OneDrive\Bureau\projects\end-to-end-ELT-pipline\dbt-bigquery\dbt_project.yml
[0m14:42:14.168700 [info ] [MainThread]: Configuration:
[0m14:42:14.169219 [info ] [MainThread]:   profiles.yml file [[31mERROR invalid[0m]
[0m14:42:14.170347 [info ] [MainThread]:   dbt_project.yml file [[31mERROR not found[0m]
[0m14:42:14.171369 [info ] [MainThread]: Required dependencies:
[0m14:42:14.172432 [debug] [MainThread]: Executing "git --help"
[0m14:42:14.225198 [debug] [MainThread]: STDOUT: "b"usage: git [-v | --version] [-h | --help] [-C <path>] [-c <name>=<value>]\n           [--exec-path[=<path>]] [--html-path] [--man-path] [--info-path]\n           [-p | --paginate | -P | --no-pager] [--no-replace-objects] [--bare]\n           [--git-dir=<path>] [--work-tree=<path>] [--namespace=<name>]\n           [--config-env=<name>=<envvar>] <command> [<args>]\n\nThese are common Git commands used in various situations:\n\nstart a working area (see also: git help tutorial)\n   clone     Clone a repository into a new directory\n   init      Create an empty Git repository or reinitialize an existing one\n\nwork on the current change (see also: git help everyday)\n   add       Add file contents to the index\n   mv        Move or rename a file, a directory, or a symlink\n   restore   Restore working tree files\n   rm        Remove files from the working tree and from the index\n\nexamine the history and state (see also: git help revisions)\n   bisect    Use binary search to find the commit that introduced a bug\n   diff      Show changes between commits, commit and working tree, etc\n   grep      Print lines matching a pattern\n   log       Show commit logs\n   show      Show various types of objects\n   status    Show the working tree status\n\ngrow, mark and tweak your common history\n   branch    List, create, or delete branches\n   commit    Record changes to the repository\n   merge     Join two or more development histories together\n   rebase    Reapply commits on top of another base tip\n   reset     Reset current HEAD to the specified state\n   switch    Switch branches\n   tag       Create, list, delete or verify a tag object signed with GPG\n\ncollaborate (see also: git help workflows)\n   fetch     Download objects and refs from another repository\n   pull      Fetch from and integrate with another repository or a local branch\n   push      Update remote refs along with associated objects\n\n'git help -a' and 'git help -g' list available subcommands and some\nconcept guides. See 'git help <command>' or 'git help <concept>'\nto read about a specific subcommand or concept.\nSee 'git help git' for an overview of the system.\n""
[0m14:42:14.225198 [debug] [MainThread]: STDERR: "b''"
[0m14:42:14.225198 [info ] [MainThread]:  - git [[32mOK found[0m]

[0m14:42:14.228207 [info ] [MainThread]: Connection test skipped since no profile was found
[0m14:42:14.229413 [info ] [MainThread]: [31m2 checks failed:[0m
[0m14:42:14.230335 [info ] [MainThread]: Could not load dbt_project.yml
Profile loading failed for the following reason:
Runtime Error
  Credentials in profile "arkhn_use_case", target "test" invalid: Runtime Error
    Could not find adapter type clickhouse!

Runtime Error
  Credentials in profile "clickhouse_transformation", target "dev" invalid: Runtime Error
    Could not find adapter type clickhouse!

Runtime Error
  Credentials in profile "mf_data_migration", target "dev" invalid: Runtime Error
    Could not find adapter type postgres!

Runtime Error
  Credentials in profile "schema_duplicator", target "dev" invalid: Runtime Error
    Could not find adapter type postgres!


[0m14:42:14.234369 [info ] [MainThread]: Project loading failed for the following reason:
 project path <C:\Users\hp\OneDrive\Bureau\projects\end-to-end-ELT-pipline\dbt-bigquery\dbt_project.yml> not found

[0m14:42:14.236450 [debug] [MainThread]: Command `dbt debug` failed at 14:42:14.236450 after 1.09 seconds
[0m14:42:14.237983 [debug] [MainThread]: Sending event: {'category': 'dbt', 'action': 'invocation', 'label': 'end', 'context': [<snowplow_tracker.self_describing_json.SelfDescribingJson object at 0x000001E87A00C250>, <snowplow_tracker.self_describing_json.SelfDescribingJson object at 0x000001E8005A51D0>, <snowplow_tracker.self_describing_json.SelfDescribingJson object at 0x000001E87A0DF990>]}
[0m14:42:14.238997 [debug] [MainThread]: Flushing usage events
[0m14:42:14.619212 [debug] [MainThread]: An error was encountered while trying to flush usage events
[0m21:22:55.173799 [debug] [MainThread]: Sending event: {'category': 'dbt', 'action': 'invocation', 'label': 'start', 'context': [<snowplow_tracker.self_describing_json.SelfDescribingJson object at 0x000001E7200B3090>, <snowplow_tracker.self_describing_json.SelfDescribingJson object at 0x000001E71FE70990>, <snowplow_tracker.self_describing_json.SelfDescribingJson object at 0x000001E72005D050>]}


============================== 21:22:55.173799 | 71215d3b-1cd9-4b9a-a089-c85b552f9a74 ==============================
[0m21:22:55.173799 [info ] [MainThread]: Running with dbt=1.9.3
[0m21:22:55.173799 [debug] [MainThread]: running dbt with arguments {'printer_width': '80', 'indirect_selection': 'eager', 'log_cache_events': 'False', 'write_json': 'True', 'partial_parse': 'True', 'cache_selected_only': 'False', 'warn_error': 'None', 'version_check': 'True', 'debug': 'False', 'log_path': 'logs', 'profiles_dir': 'C:\\Users\\hp\\.dbt', 'fail_fast': 'False', 'use_colors': 'True', 'use_experimental_parser': 'False', 'empty': 'None', 'quiet': 'False', 'no_print': 'None', 'warn_error_options': 'WarnErrorOptions(include=[], exclude=[])', 'invocation_command': 'dbt debug', 'log_format': 'default', 'introspect': 'True', 'target_path': 'None', 'static_parser': 'True', 'send_anonymous_usage_stats': 'True'}
[0m21:22:55.206944 [info ] [MainThread]: dbt version: 1.9.3
[0m21:22:55.206944 [info ] [MainThread]: python version: 3.11.3
[0m21:22:55.206944 [info ] [MainThread]: python path: C:\Users\hp\OneDrive\Bureau\projects\end-to-end-ELT-pipline\dbt-bigquery\venv\Scripts\python.exe
[0m21:22:55.220957 [info ] [MainThread]: os info: Windows-10-10.0.22621-SP0
[0m21:22:55.234426 [info ] [MainThread]: Error importing adapter: No module named 'dbt.adapters.clickhouse'
[0m21:22:55.238352 [info ] [MainThread]: Error importing adapter: No module named 'dbt.adapters.clickhouse'
[0m21:22:56.302079 [info ] [MainThread]: Error importing adapter: No module named 'dbt.adapters.postgres'
[0m21:22:56.317752 [info ] [MainThread]: Error importing adapter: No module named 'dbt.adapters.postgres'
[0m21:22:56.317752 [info ] [MainThread]: Using profiles dir at C:\Users\hp\.dbt
[0m21:22:56.317752 [info ] [MainThread]: Using profiles.yml file at C:\Users\hp\.dbt\profiles.yml
[0m21:22:56.317752 [info ] [MainThread]: Using dbt_project.yml file at C:\Users\hp\OneDrive\Bureau\projects\end-to-end-ELT-pipline\dbt-bigquery\dbt_project.yml
[0m21:22:56.317752 [info ] [MainThread]: Configuration:
[0m21:22:56.317752 [info ] [MainThread]:   profiles.yml file [[31mERROR invalid[0m]
[0m21:22:56.317752 [info ] [MainThread]:   dbt_project.yml file [[31mERROR not found[0m]
[0m21:22:56.317752 [info ] [MainThread]: Required dependencies:
[0m21:22:56.317752 [debug] [MainThread]: Executing "git --help"
[0m21:22:56.394594 [debug] [MainThread]: STDOUT: "b"usage: git [-v | --version] [-h | --help] [-C <path>] [-c <name>=<value>]\n           [--exec-path[=<path>]] [--html-path] [--man-path] [--info-path]\n           [-p | --paginate | -P | --no-pager] [--no-replace-objects] [--bare]\n           [--git-dir=<path>] [--work-tree=<path>] [--namespace=<name>]\n           [--config-env=<name>=<envvar>] <command> [<args>]\n\nThese are common Git commands used in various situations:\n\nstart a working area (see also: git help tutorial)\n   clone     Clone a repository into a new directory\n   init      Create an empty Git repository or reinitialize an existing one\n\nwork on the current change (see also: git help everyday)\n   add       Add file contents to the index\n   mv        Move or rename a file, a directory, or a symlink\n   restore   Restore working tree files\n   rm        Remove files from the working tree and from the index\n\nexamine the history and state (see also: git help revisions)\n   bisect    Use binary search to find the commit that introduced a bug\n   diff      Show changes between commits, commit and working tree, etc\n   grep      Print lines matching a pattern\n   log       Show commit logs\n   show      Show various types of objects\n   status    Show the working tree status\n\ngrow, mark and tweak your common history\n   branch    List, create, or delete branches\n   commit    Record changes to the repository\n   merge     Join two or more development histories together\n   rebase    Reapply commits on top of another base tip\n   reset     Reset current HEAD to the specified state\n   switch    Switch branches\n   tag       Create, list, delete or verify a tag object signed with GPG\n\ncollaborate (see also: git help workflows)\n   fetch     Download objects and refs from another repository\n   pull      Fetch from and integrate with another repository or a local branch\n   push      Update remote refs along with associated objects\n\n'git help -a' and 'git help -g' list available subcommands and some\nconcept guides. See 'git help <command>' or 'git help <concept>'\nto read about a specific subcommand or concept.\nSee 'git help git' for an overview of the system.\n""
[0m21:22:56.394594 [debug] [MainThread]: STDERR: "b''"
[0m21:22:56.394594 [info ] [MainThread]:  - git [[32mOK found[0m]

[0m21:22:56.397263 [info ] [MainThread]: Connection test skipped since no profile was found
[0m21:22:56.398136 [info ] [MainThread]: [31m2 checks failed:[0m
[0m21:22:56.399942 [info ] [MainThread]: Could not load dbt_project.yml
Profile loading failed for the following reason:
Runtime Error
  Credentials in profile "arkhn_use_case", target "test" invalid: Runtime Error
    Could not find adapter type clickhouse!

Runtime Error
  Credentials in profile "clickhouse_transformation", target "dev" invalid: Runtime Error
    Could not find adapter type clickhouse!

Runtime Error
  Credentials in profile "mf_data_migration", target "dev" invalid: Runtime Error
    Could not find adapter type postgres!

Runtime Error
  Credentials in profile "schema_duplicator", target "dev" invalid: Runtime Error
    Could not find adapter type postgres!


[0m21:22:56.404767 [info ] [MainThread]: Project loading failed for the following reason:
 project path <C:\Users\hp\OneDrive\Bureau\projects\end-to-end-ELT-pipline\dbt-bigquery\dbt_project.yml> not found

[0m21:22:56.407465 [debug] [MainThread]: Command `dbt debug` failed at 21:22:56.407465 after 1.41 seconds
[0m21:22:56.407465 [debug] [MainThread]: Sending event: {'category': 'dbt', 'action': 'invocation', 'label': 'end', 'context': [<snowplow_tracker.self_describing_json.SelfDescribingJson object at 0x000001E730370210>, <snowplow_tracker.self_describing_json.SelfDescribingJson object at 0x000001E719A7FA90>, <snowplow_tracker.self_describing_json.SelfDescribingJson object at 0x000001E71F082BD0>]}
[0m21:22:56.411063 [debug] [MainThread]: Flushing usage events
[0m21:22:58.064399 [debug] [MainThread]: An error was encountered while trying to flush usage events
[0m21:26:09.297658 [debug] [MainThread]: Sending event: {'category': 'dbt', 'action': 'invocation', 'label': 'start', 'context': [<snowplow_tracker.self_describing_json.SelfDescribingJson object at 0x000001C96EDDD350>, <snowplow_tracker.self_describing_json.SelfDescribingJson object at 0x000001C96EDDCE90>, <snowplow_tracker.self_describing_json.SelfDescribingJson object at 0x000001C96EDDCA10>]}


============================== 21:26:09.303332 | bdefb39f-a28e-4b90-a47f-e815aec11efb ==============================
[0m21:26:09.303332 [info ] [MainThread]: Running with dbt=1.9.3
[0m21:26:09.304865 [debug] [MainThread]: running dbt with arguments {'printer_width': '80', 'indirect_selection': 'eager', 'write_json': 'True', 'log_cache_events': 'False', 'partial_parse': 'True', 'cache_selected_only': 'False', 'warn_error': 'None', 'debug': 'False', 'profiles_dir': 'C:\\Users\\hp\\.dbt', 'log_path': 'logs', 'fail_fast': 'False', 'version_check': 'True', 'use_colors': 'True', 'use_experimental_parser': 'False', 'empty': 'None', 'quiet': 'False', 'no_print': 'None', 'log_format': 'default', 'static_parser': 'True', 'invocation_command': 'dbt debug', 'introspect': 'True', 'target_path': 'None', 'warn_error_options': 'WarnErrorOptions(include=[], exclude=[])', 'send_anonymous_usage_stats': 'True'}
[0m21:26:09.322234 [info ] [MainThread]: dbt version: 1.9.3
[0m21:26:09.322234 [info ] [MainThread]: python version: 3.11.3
[0m21:26:09.322234 [info ] [MainThread]: python path: C:\Users\hp\OneDrive\Bureau\projects\end-to-end-ELT-pipline\dbt-bigquery\venv\Scripts\python.exe
[0m21:26:09.322234 [info ] [MainThread]: os info: Windows-10-10.0.22621-SP0
[0m21:26:09.332002 [info ] [MainThread]: Error importing adapter: No module named 'dbt.adapters.clickhouse'
[0m21:26:09.339478 [info ] [MainThread]: Error importing adapter: No module named 'dbt.adapters.clickhouse'
[0m21:26:10.402261 [info ] [MainThread]: Error importing adapter: No module named 'dbt.adapters.postgres'
[0m21:26:10.417880 [info ] [MainThread]: Error importing adapter: No module named 'dbt.adapters.postgres'
[0m21:26:10.417880 [info ] [MainThread]: Using profiles dir at C:\Users\hp\.dbt
[0m21:26:10.417880 [info ] [MainThread]: Using profiles.yml file at C:\Users\hp\.dbt\profiles.yml
[0m21:26:10.417880 [info ] [MainThread]: Using dbt_project.yml file at C:\Users\hp\OneDrive\Bureau\projects\end-to-end-ELT-pipline\dbt-bigquery\dbt_project.yml
[0m21:26:10.417880 [info ] [MainThread]: Configuration:
[0m21:26:10.424582 [info ] [MainThread]:   profiles.yml file [[31mERROR invalid[0m]
[0m21:26:10.424582 [info ] [MainThread]:   dbt_project.yml file [[31mERROR not found[0m]
[0m21:26:10.424582 [info ] [MainThread]: Required dependencies:
[0m21:26:10.424582 [debug] [MainThread]: Executing "git --help"
[0m21:26:10.478114 [debug] [MainThread]: STDOUT: "b"usage: git [-v | --version] [-h | --help] [-C <path>] [-c <name>=<value>]\n           [--exec-path[=<path>]] [--html-path] [--man-path] [--info-path]\n           [-p | --paginate | -P | --no-pager] [--no-replace-objects] [--bare]\n           [--git-dir=<path>] [--work-tree=<path>] [--namespace=<name>]\n           [--config-env=<name>=<envvar>] <command> [<args>]\n\nThese are common Git commands used in various situations:\n\nstart a working area (see also: git help tutorial)\n   clone     Clone a repository into a new directory\n   init      Create an empty Git repository or reinitialize an existing one\n\nwork on the current change (see also: git help everyday)\n   add       Add file contents to the index\n   mv        Move or rename a file, a directory, or a symlink\n   restore   Restore working tree files\n   rm        Remove files from the working tree and from the index\n\nexamine the history and state (see also: git help revisions)\n   bisect    Use binary search to find the commit that introduced a bug\n   diff      Show changes between commits, commit and working tree, etc\n   grep      Print lines matching a pattern\n   log       Show commit logs\n   show      Show various types of objects\n   status    Show the working tree status\n\ngrow, mark and tweak your common history\n   branch    List, create, or delete branches\n   commit    Record changes to the repository\n   merge     Join two or more development histories together\n   rebase    Reapply commits on top of another base tip\n   reset     Reset current HEAD to the specified state\n   switch    Switch branches\n   tag       Create, list, delete or verify a tag object signed with GPG\n\ncollaborate (see also: git help workflows)\n   fetch     Download objects and refs from another repository\n   pull      Fetch from and integrate with another repository or a local branch\n   push      Update remote refs along with associated objects\n\n'git help -a' and 'git help -g' list available subcommands and some\nconcept guides. See 'git help <command>' or 'git help <concept>'\nto read about a specific subcommand or concept.\nSee 'git help git' for an overview of the system.\n""
[0m21:26:10.478215 [debug] [MainThread]: STDERR: "b''"
[0m21:26:10.479263 [info ] [MainThread]:  - git [[32mOK found[0m]

[0m21:26:10.479263 [info ] [MainThread]: Connection test skipped since no profile was found
[0m21:26:10.480752 [info ] [MainThread]: [31m2 checks failed:[0m
[0m21:26:10.480752 [info ] [MainThread]: Could not load dbt_project.yml
Profile loading failed for the following reason:
Runtime Error
  Credentials in profile "arkhn_use_case", target "test" invalid: Runtime Error
    Could not find adapter type clickhouse!

Runtime Error
  Credentials in profile "clickhouse_transformation", target "dev" invalid: Runtime Error
    Could not find adapter type clickhouse!

Runtime Error
  Credentials in profile "mf_data_migration", target "dev" invalid: Runtime Error
    Could not find adapter type postgres!

Runtime Error
  Credentials in profile "schema_duplicator", target "dev" invalid: Runtime Error
    Could not find adapter type postgres!


[0m21:26:10.485885 [info ] [MainThread]: Project loading failed for the following reason:
 project path <C:\Users\hp\OneDrive\Bureau\projects\end-to-end-ELT-pipline\dbt-bigquery\dbt_project.yml> not found

[0m21:26:10.488660 [debug] [MainThread]: Command `dbt debug` failed at 21:26:10.488660 after 1.28 seconds
[0m21:26:10.488660 [debug] [MainThread]: Sending event: {'category': 'dbt', 'action': 'invocation', 'label': 'end', 'context': [<snowplow_tracker.self_describing_json.SelfDescribingJson object at 0x000001C96868C250>, <snowplow_tracker.self_describing_json.SelfDescribingJson object at 0x000001C96871A190>, <snowplow_tracker.self_describing_json.SelfDescribingJson object at 0x000001C96EDD7F50>]}
[0m21:26:10.488660 [debug] [MainThread]: Flushing usage events
[0m21:26:10.892809 [debug] [MainThread]: An error was encountered while trying to flush usage events
[0m12:40:30.237050 [debug] [MainThread]: Sending event: {'category': 'dbt', 'action': 'invocation', 'label': 'start', 'context': [<snowplow_tracker.self_describing_json.SelfDescribingJson object at 0x0000017D91984B10>, <snowplow_tracker.self_describing_json.SelfDescribingJson object at 0x0000017D9169E990>, <snowplow_tracker.self_describing_json.SelfDescribingJson object at 0x0000017D917C52D0>]}


============================== 12:40:30.245361 | aa59281d-17f9-4951-8b38-de894586e4ba ==============================
[0m12:40:30.245361 [info ] [MainThread]: Running with dbt=1.9.3
[0m12:40:30.249984 [debug] [MainThread]: running dbt with arguments {'printer_width': '80', 'indirect_selection': 'eager', 'log_cache_events': 'False', 'write_json': 'True', 'partial_parse': 'True', 'cache_selected_only': 'False', 'profiles_dir': 'C:\\Users\\hp\\.dbt', 'fail_fast': 'False', 'debug': 'False', 'log_path': 'logs', 'version_check': 'True', 'warn_error': 'None', 'use_colors': 'True', 'use_experimental_parser': 'False', 'empty': 'False', 'quiet': 'False', 'no_print': 'None', 'warn_error_options': 'WarnErrorOptions(include=[], exclude=[])', 'static_parser': 'True', 'log_format': 'default', 'introspect': 'True', 'target_path': 'None', 'invocation_command': 'dbt build', 'send_anonymous_usage_stats': 'True'}
[0m12:40:30.253100 [error] [MainThread]: Encountered an error:
Runtime Error
  No dbt_project.yml found at expected path C:\Users\hp\OneDrive\Bureau\projects\end-to-end-ELT-pipline\dbt-bigquery\dbt_project.yml
  Verify that each entry within packages.yml (and their transitive dependencies) contains a file named dbt_project.yml
  
[0m12:40:30.254881 [debug] [MainThread]: Command `dbt build` failed at 12:40:30.254881 after 0.19 seconds
[0m12:40:30.255424 [debug] [MainThread]: Sending event: {'category': 'dbt', 'action': 'invocation', 'label': 'end', 'context': [<snowplow_tracker.self_describing_json.SelfDescribingJson object at 0x0000017D8B2FC9D0>, <snowplow_tracker.self_describing_json.SelfDescribingJson object at 0x0000017D8B659890>, <snowplow_tracker.self_describing_json.SelfDescribingJson object at 0x0000017D8B659810>]}
[0m12:40:30.255424 [debug] [MainThread]: Flushing usage events
[0m12:40:30.666609 [debug] [MainThread]: An error was encountered while trying to flush usage events
[0m23:13:01.647608 [debug] [MainThread]: Sending event: {'category': 'dbt', 'action': 'invocation', 'label': 'start', 'context': [<snowplow_tracker.self_describing_json.SelfDescribingJson object at 0x000001F0D9244B90>, <snowplow_tracker.self_describing_json.SelfDescribingJson object at 0x000001F0D9055590>, <snowplow_tracker.self_describing_json.SelfDescribingJson object at 0x000001F0D92443D0>]}


============================== 23:13:01.656190 | dc8fa93f-f884-41e2-81f4-37f2c4dcb5ee ==============================
[0m23:13:01.656190 [info ] [MainThread]: Running with dbt=1.9.3
[0m23:13:01.656190 [debug] [MainThread]: running dbt with arguments {'printer_width': '80', 'indirect_selection': 'eager', 'log_cache_events': 'False', 'write_json': 'True', 'partial_parse': 'True', 'cache_selected_only': 'False', 'profiles_dir': 'C:\\Users\\hp\\.dbt', 'version_check': 'True', 'debug': 'False', 'log_path': 'logs', 'warn_error': 'None', 'fail_fast': 'False', 'use_colors': 'True', 'use_experimental_parser': 'False', 'empty': 'False', 'quiet': 'False', 'no_print': 'None', 'warn_error_options': 'WarnErrorOptions(include=[], exclude=[])', 'introspect': 'True', 'static_parser': 'True', 'invocation_command': 'dbt compile -s translation_info --target dev', 'target_path': 'None', 'log_format': 'default', 'send_anonymous_usage_stats': 'True'}
[0m23:13:01.656190 [error] [MainThread]: Encountered an error:
Runtime Error
  No dbt_project.yml found at expected path C:\Users\hp\OneDrive\Bureau\projects\end-to-end-ELT-pipline\dbt-bigquery\dbt_project.yml
  Verify that each entry within packages.yml (and their transitive dependencies) contains a file named dbt_project.yml
  
[0m23:13:01.656190 [debug] [MainThread]: Command `dbt compile` failed at 23:13:01.656190 after 0.14 seconds
[0m23:13:01.656190 [debug] [MainThread]: Sending event: {'category': 'dbt', 'action': 'invocation', 'label': 'end', 'context': [<snowplow_tracker.self_describing_json.SelfDescribingJson object at 0x000001F0D9244A10>, <snowplow_tracker.self_describing_json.SelfDescribingJson object at 0x000001F0D2BF8310>, <snowplow_tracker.self_describing_json.SelfDescribingJson object at 0x000001F0D924C250>]}
[0m23:13:01.660822 [debug] [MainThread]: Flushing usage events
[0m23:13:02.090016 [debug] [MainThread]: An error was encountered while trying to flush usage events
